    | 0x1 | 0x2 | 0x3 | 0x4 | 0x5 | 0x6 | 0x7 | 0x8 | 0x9 | 0xa | 0xb | 0xc | 0xd | 0xe | 0xf |
-----------------------------------------------------------------------------------------------
0x1 | 001 | 002 | 003 | 004 | 005 | 006 | 007 | 008 | 009 | 00a | 00b | 00c | 00d | 00e | 00f |
-----------------------------------------------------------------------------------------------
0x2 | 002 | 004 | 006 | 008 | 00a | 00c | 00e | 010 | 012 | 014 | 016 | 018 | 01a | 01c | 01e |
-----------------------------------------------------------------------------------------------
0x3 | 003 | 006 | 009 | 00c | 00f | 012 | 015 | 018 | 01b | 01e | 021 | 024 | 027 | 02a | 02d |
-----------------------------------------------------------------------------------------------
0x4 | 004 | 008 | 00c | 010 | 014 | 018 | 01c | 020 | 024 | 028 | 02c | 030 | 034 | 038 | 03c |
-----------------------------------------------------------------------------------------------
0x5 | 005 | 00a | 00f | 014 | 019 | 01e | 023 | 028 | 02d | 032 | 037 | 03c | 041 | 046 | 04b |
-----------------------------------------------------------------------------------------------
0x6 | 006 | 00c | 012 | 018 | 01e | 024 | 02a | 030 | 036 | 03c | 042 | 048 | 04e | 054 | 05a |
-----------------------------------------------------------------------------------------------
0x7 | 007 | 00e | 015 | 01c | 023 | 02a | 031 | 038 | 03f | 046 | 04d | 054 | 05b | 062 | 069 |
-----------------------------------------------------------------------------------------------
0x8 | 008 | 010 | 018 | 020 | 028 | 030 | 038 | 040 | 048 | 050 | 058 | 060 | 068 | 070 | 078 |
-----------------------------------------------------------------------------------------------
0x9 | 009 | 012 | 01b | 024 | 02d | 036 | 03f | 048 | 051 | 05a | 063 | 06c | 075 | 07e | 087 |
-----------------------------------------------------------------------------------------------
0xa | 00a | 014 | 01e | 028 | 032 | 03c | 046 | 050 | 05a | 064 | 06e | 078 | 082 | 08c | 096 |
-----------------------------------------------------------------------------------------------
0xb | 00b | 016 | 021 | 02c | 037 | 042 | 04d | 058 | 063 | 06e | 079 | 084 | 08f | 09a | 0a5 |
-----------------------------------------------------------------------------------------------
0xc | 00c | 018 | 024 | 030 | 03c | 048 | 054 | 060 | 06c | 078 | 084 | 090 | 09c | 0a8 | 0b4 |
-----------------------------------------------------------------------------------------------
0xd | 00d | 01a | 027 | 034 | 041 | 04e | 05b | 068 | 075 | 082 | 08f | 09c | 0a9 | 0b6 | 0c3 |
-----------------------------------------------------------------------------------------------
0xe | 00e | 01c | 02a | 038 | 046 | 054 | 062 | 070 | 07e | 08c | 09a | 0a8 | 0b6 | 0c4 | 0d2 |
-----------------------------------------------------------------------------------------------
0xf | 00f | 01e | 02d | 03c | 04b | 05a | 069 | 078 | 087 | 096 | 0a5 | 0b4 | 0c3 | 0d2 | 0e1 |
-----------------------------------------------------------------------------------------------
